c:\users\wuchihlei\documents\github\hdr\hdrdisplayxxx\hdrdisplay\x64\release\vc141.pdb
c:\users\wuchihlei\documents\github\hdr\hdrdisplayxxx\hdrdisplay\x64\release\uhddisplay.obj
c:\users\wuchihlei\documents\github\hdr\hdrdisplayxxx\hdrdisplay\x64\release\tonemapper.obj
c:\users\wuchihlei\documents\github\hdr\hdrdisplayxxx\hdrdisplay\x64\release\shadercompile.obj
c:\users\wuchihlei\documents\github\hdr\hdrdisplayxxx\hdrdisplay\x64\release\rgbe.obj
c:\users\wuchihlei\documents\github\hdr\hdrdisplayxxx\hdrdisplay\x64\release\perftracker.obj
c:\users\wuchihlei\documents\github\hdr\hdrdisplayxxx\hdrdisplay\x64\release\main.obj
c:\users\wuchihlei\documents\github\hdr\hdrdisplayxxx\hdrdisplay\x64\release\common_util.obj
c:\users\wuchihlei\documents\github\hdr\hdrdisplayxxx\hdrdisplay\x64\release\acestonemapper.obj
c:\users\wuchihlei\documents\github\hdr\hdrdisplayxxx\hdrdisplay\x64\release\aces.obj
c:\users\wuchihlei\documents\github\hdr\hdrdisplayxxx\hdrdisplay\x64\release\devicemanager.obj
c:\users\wuchihlei\documents\github\hdr\hdrdisplayxxx\hdrdisplay.exe
c:\users\wuchihlei\documents\github\hdr\hdrdisplayxxx\hdrdisplay.pdb
c:\users\wuchihlei\documents\github\hdr\hdrdisplayxxx\hdrdisplay\x64\release\hdrdisplay.res
c:\users\wuchihlei\documents\github\hdr\hdrdisplayxxx\hdrdisplay\..\hdrdisplay.exe
c:\users\wuchihlei\documents\github\hdr\hdrdisplayxxx\hdrdisplay\x64\release\hdrdisplay.tlog\cl.command.1.tlog
c:\users\wuchihlei\documents\github\hdr\hdrdisplayxxx\hdrdisplay\x64\release\hdrdisplay.tlog\cl.read.1.tlog
c:\users\wuchihlei\documents\github\hdr\hdrdisplayxxx\hdrdisplay\x64\release\hdrdisplay.tlog\cl.write.1.tlog
c:\users\wuchihlei\documents\github\hdr\hdrdisplayxxx\hdrdisplay\x64\release\hdrdisplay.tlog\link.command.1.tlog
c:\users\wuchihlei\documents\github\hdr\hdrdisplayxxx\hdrdisplay\x64\release\hdrdisplay.tlog\link.read.1.tlog
c:\users\wuchihlei\documents\github\hdr\hdrdisplayxxx\hdrdisplay\x64\release\hdrdisplay.tlog\link.write.1.tlog
c:\users\wuchihlei\documents\github\hdr\hdrdisplayxxx\hdrdisplay\x64\release\hdrdisplay.tlog\rc.command.1.tlog
c:\users\wuchihlei\documents\github\hdr\hdrdisplayxxx\hdrdisplay\x64\release\hdrdisplay.tlog\rc.read.1.tlog
c:\users\wuchihlei\documents\github\hdr\hdrdisplayxxx\hdrdisplay\x64\release\hdrdisplay.tlog\rc.write.1.tlog
