  DisplayColorControl.cpp
c:\users\wcc\desktop\r410-developer\sample_code\displaycolorcontrol\nvapi.h(101): error C2059: syntax error: 'return'
c:\users\wcc\desktop\r410-developer\sample_code\displaycolorcontrol\nvapi.h(131): error C2059: syntax error: 'return'
c:\users\wcc\desktop\r410-developer\sample_code\displaycolorcontrol\nvapi.h(150): error C2059: syntax error: 'return'
c:\users\wcc\desktop\r410-developer\sample_code\displaycolorcontrol\nvapi.h(171): error C2059: syntax error: 'return'
c:\users\wcc\desktop\r410-developer\sample_code\displaycolorcontrol\nvapi.h(318): error C2059: syntax error: 'return'
c:\users\wcc\desktop\r410-developer\sample_code\displaycolorcontrol\nvapi.h(670): error C2059: syntax error: 'return'
c:\users\wcc\desktop\r410-developer\sample_code\displaycolorcontrol\nvapi.h(809): error C2059: syntax error: 'return'
c:\users\wcc\desktop\r410-developer\sample_code\displaycolorcontrol\nvapi.h(1031): error C2059: syntax error: 'return'
c:\users\wcc\desktop\r410-developer\sample_code\displaycolorcontrol\nvapi.h(1160): error C2059: syntax error: 'return'
c:\users\wcc\desktop\r410-developer\sample_code\displaycolorcontrol\nvapi.h(1168): error C2059: syntax error: 'return'
c:\users\wcc\desktop\r410-developer\sample_code\displaycolorcontrol\nvapi.h(1210): error C2059: syntax error: 'return'
c:\users\wcc\desktop\r410-developer\sample_code\displaycolorcontrol\nvapi.h(1217): error C2059: syntax error: 'return'
c:\users\wcc\desktop\r410-developer\sample_code\displaycolorcontrol\nvapi.h(1252): error C2059: syntax error: 'return'
c:\users\wcc\desktop\r410-developer\sample_code\displaycolorcontrol\nvapi.h(1283): error C2059: syntax error: 'return'
c:\users\wcc\desktop\r410-developer\sample_code\displaycolorcontrol\nvapi.h(1309): error C2059: syntax error: 'return'
c:\users\wcc\desktop\r410-developer\sample_code\displaycolorcontrol\nvapi.h(1331): error C2059: syntax error: 'return'
c:\users\wcc\desktop\r410-developer\sample_code\displaycolorcontrol\nvapi.h(1353): error C2059: syntax error: 'return'
c:\users\wcc\desktop\r410-developer\sample_code\displaycolorcontrol\nvapi.h(1373): error C2059: syntax error: 'return'
c:\users\wcc\desktop\r410-developer\sample_code\displaycolorcontrol\nvapi.h(1396): error C2059: syntax error: 'return'
c:\users\wcc\desktop\r410-developer\sample_code\displaycolorcontrol\nvapi.h(1417): error C2059: syntax error: 'return'
c:\users\wcc\desktop\r410-developer\sample_code\displaycolorcontrol\nvapi.h(1440): error C2059: syntax error: 'return'
c:\users\wcc\desktop\r410-developer\sample_code\displaycolorcontrol\nvapi.h(1462): error C2059: syntax error: 'return'
c:\users\wcc\desktop\r410-developer\sample_code\displaycolorcontrol\nvapi.h(1486): error C2059: syntax error: 'return'
c:\users\wcc\desktop\r410-developer\sample_code\displaycolorcontrol\nvapi.h(1513): error C2059: syntax error: 'return'
c:\users\wcc\desktop\r410-developer\sample_code\displaycolorcontrol\nvapi.h(1603): error C2059: syntax error: 'return'
c:\users\wcc\desktop\r410-developer\sample_code\displaycolorcontrol\nvapi.h(1645): error C2059: syntax error: 'return'
c:\users\wcc\desktop\r410-developer\sample_code\displaycolorcontrol\nvapi.h(1676): error C2059: syntax error: 'return'
c:\users\wcc\desktop\r410-developer\sample_code\displaycolorcontrol\nvapi.h(1701): error C2059: syntax error: 'return'
c:\users\wcc\desktop\r410-developer\sample_code\displaycolorcontrol\nvapi.h(1736): error C2059: syntax error: 'return'
c:\users\wcc\desktop\r410-developer\sample_code\displaycolorcontrol\nvapi.h(1757): error C2059: syntax error: 'return'
c:\users\wcc\desktop\r410-developer\sample_code\displaycolorcontrol\nvapi.h(1786): error C2059: syntax error: 'return'
c:\users\wcc\desktop\r410-developer\sample_code\displaycolorcontrol\nvapi.h(1823): error C2059: syntax error: 'return'
c:\users\wcc\desktop\r410-developer\sample_code\displaycolorcontrol\nvapi.h(1852): error C2059: syntax error: 'return'
c:\users\wcc\desktop\r410-developer\sample_code\displaycolorcontrol\nvapi.h(1873): error C2059: syntax error: 'return'
c:\users\wcc\desktop\r410-developer\sample_code\displaycolorcontrol\nvapi.h(1899): error C2059: syntax error: 'return'
c:\users\wcc\desktop\r410-developer\sample_code\displaycolorcontrol\nvapi.h(1935): error C2059: syntax error: 'return'
c:\users\wcc\desktop\r410-developer\sample_code\displaycolorcontrol\nvapi.h(1970): error C2059: syntax error: 'return'
c:\users\wcc\desktop\r410-developer\sample_code\displaycolorcontrol\nvapi.h(1993): error C2059: syntax error: 'return'
c:\users\wcc\desktop\r410-developer\sample_code\displaycolorcontrol\nvapi.h(2015): error C2059: syntax error: 'return'
c:\users\wcc\desktop\r410-developer\sample_code\displaycolorcontrol\nvapi.h(2038): error C2059: syntax error: 'return'
c:\users\wcc\desktop\r410-developer\sample_code\displaycolorcontrol\nvapi.h(2059): error C2059: syntax error: 'return'
c:\users\wcc\desktop\r410-developer\sample_code\displaycolorcontrol\nvapi.h(2078): error C2059: syntax error: 'return'
c:\users\wcc\desktop\r410-developer\sample_code\displaycolorcontrol\nvapi.h(2101): error C2059: syntax error: 'return'
c:\users\wcc\desktop\r410-developer\sample_code\displaycolorcontrol\nvapi.h(2121): error C2059: syntax error: 'return'
c:\users\wcc\desktop\r410-developer\sample_code\displaycolorcontrol\nvapi.h(2140): error C2059: syntax error: 'return'
c:\users\wcc\desktop\r410-developer\sample_code\displaycolorcontrol\nvapi.h(2160): error C2059: syntax error: 'return'
c:\users\wcc\desktop\r410-developer\sample_code\displaycolorcontrol\nvapi.h(2184): error C2059: syntax error: 'return'
c:\users\wcc\desktop\r410-developer\sample_code\displaycolorcontrol\nvapi.h(2206): error C2059: syntax error: 'return'
c:\users\wcc\desktop\r410-developer\sample_code\displaycolorcontrol\nvapi.h(2224): error C2059: syntax error: 'return'
c:\users\wcc\desktop\r410-developer\sample_code\displaycolorcontrol\nvapi.h(2267): error C2059: syntax error: 'return'
c:\users\wcc\desktop\r410-developer\sample_code\displaycolorcontrol\nvapi.h(2383): error C2059: syntax error: 'return'
c:\users\wcc\desktop\r410-developer\sample_code\displaycolorcontrol\nvapi.h(2569): error C2059: syntax error: 'return'
c:\users\wcc\desktop\r410-developer\sample_code\displaycolorcontrol\nvapi.h(2810): error C2059: syntax error: 'return'
c:\users\wcc\desktop\r410-developer\sample_code\displaycolorcontrol\nvapi.h(2836): error C2059: syntax error: 'return'
c:\users\wcc\desktop\r410-developer\sample_code\displaycolorcontrol\nvapi.h(2889): error C2059: syntax error: 'return'
c:\users\wcc\desktop\r410-developer\sample_code\displaycolorcontrol\nvapi.h(3015): error C2059: syntax error: 'return'
c:\users\wcc\desktop\r410-developer\sample_code\displaycolorcontrol\nvapi.h(3151): error C2059: syntax error: 'return'
c:\users\wcc\desktop\r410-developer\sample_code\displaycolorcontrol\nvapi.h(3185): error C2059: syntax error: 'return'
c:\users\wcc\desktop\r410-developer\sample_code\displaycolorcontrol\nvapi.h(3229): error C2059: syntax error: 'return'
c:\users\wcc\desktop\r410-developer\sample_code\displaycolorcontrol\nvapi.h(3254): error C2059: syntax error: 'return'
c:\users\wcc\desktop\r410-developer\sample_code\displaycolorcontrol\nvapi.h(3330): error C2059: syntax error: 'return'
c:\users\wcc\desktop\r410-developer\sample_code\displaycolorcontrol\nvapi.h(3364): error C2059: syntax error: 'return'
c:\users\wcc\desktop\r410-developer\sample_code\displaycolorcontrol\nvapi.h(3421): error C2059: syntax error: 'return'
c:\users\wcc\desktop\r410-developer\sample_code\displaycolorcontrol\nvapi.h(3477): error C2059: syntax error: 'return'
c:\users\wcc\desktop\r410-developer\sample_code\displaycolorcontrol\nvapi.h(3505): error C2059: syntax error: 'return'
c:\users\wcc\desktop\r410-developer\sample_code\displaycolorcontrol\nvapi.h(3552): error C2059: syntax error: 'return'
c:\users\wcc\desktop\r410-developer\sample_code\displaycolorcontrol\nvapi.h(3581): error C2059: syntax error: 'return'
c:\users\wcc\desktop\r410-developer\sample_code\displaycolorcontrol\nvapi.h(3635): error C2059: syntax error: 'return'
c:\users\wcc\desktop\r410-developer\sample_code\displaycolorcontrol\nvapi.h(3670): error C2059: syntax error: 'return'
c:\users\wcc\desktop\r410-developer\sample_code\displaycolorcontrol\nvapi.h(3717): error C2059: syntax error: 'return'
c:\users\wcc\desktop\r410-developer\sample_code\displaycolorcontrol\nvapi.h(3752): error C2059: syntax error: 'return'
c:\users\wcc\desktop\r410-developer\sample_code\displaycolorcontrol\nvapi.h(3799): error C2059: syntax error: 'return'
c:\users\wcc\desktop\r410-developer\sample_code\displaycolorcontrol\nvapi.h(3827): error C2059: syntax error: 'return'
c:\users\wcc\desktop\r410-developer\sample_code\displaycolorcontrol\nvapi.h(3851): error C2059: syntax error: 'return'
c:\users\wcc\desktop\r410-developer\sample_code\displaycolorcontrol\nvapi.h(3888): error C2059: syntax error: 'return'
c:\users\wcc\desktop\r410-developer\sample_code\displaycolorcontrol\nvapi.h(3919): error C2059: syntax error: 'return'
c:\users\wcc\desktop\r410-developer\sample_code\displaycolorcontrol\nvapi.h(3981): error C2059: syntax error: 'return'
c:\users\wcc\desktop\r410-developer\sample_code\displaycolorcontrol\nvapi.h(4045): error C2059: syntax error: 'return'
c:\users\wcc\desktop\r410-developer\sample_code\displaycolorcontrol\nvapi.h(4111): error C2059: syntax error: 'return'
c:\users\wcc\desktop\r410-developer\sample_code\displaycolorcontrol\nvapi.h(4274): error C2059: syntax error: 'return'
c:\users\wcc\desktop\r410-developer\sample_code\displaycolorcontrol\nvapi.h(4368): error C2059: syntax error: 'return'
c:\users\wcc\desktop\r410-developer\sample_code\displaycolorcontrol\nvapi.h(4388): error C2059: syntax error: 'return'
c:\users\wcc\desktop\r410-developer\sample_code\displaycolorcontrol\nvapi.h(4474): error C2059: syntax error: 'return'
c:\users\wcc\desktop\r410-developer\sample_code\displaycolorcontrol\nvapi.h(4749): error C2059: syntax error: 'return'
c:\users\wcc\desktop\r410-developer\sample_code\displaycolorcontrol\nvapi.h(4769): error C2059: syntax error: 'return'
c:\users\wcc\desktop\r410-developer\sample_code\displaycolorcontrol\nvapi.h(4796): error C2059: syntax error: 'return'
c:\users\wcc\desktop\r410-developer\sample_code\displaycolorcontrol\nvapi.h(4826): error C2059: syntax error: 'return'
c:\users\wcc\desktop\r410-developer\sample_code\displaycolorcontrol\nvapi.h(4848): error C2059: syntax error: 'return'
c:\users\wcc\desktop\r410-developer\sample_code\displaycolorcontrol\nvapi.h(4867): error C2059: syntax error: 'return'
c:\users\wcc\desktop\r410-developer\sample_code\displaycolorcontrol\nvapi.h(4888): error C2059: syntax error: 'return'
c:\users\wcc\desktop\r410-developer\sample_code\displaycolorcontrol\nvapi.h(4908): error C2059: syntax error: 'return'
c:\users\wcc\desktop\r410-developer\sample_code\displaycolorcontrol\nvapi.h(4926): error C2059: syntax error: 'return'
c:\users\wcc\desktop\r410-developer\sample_code\displaycolorcontrol\nvapi.h(4944): error C2059: syntax error: 'return'
c:\users\wcc\desktop\r410-developer\sample_code\displaycolorcontrol\nvapi.h(4960): error C2059: syntax error: 'return'
c:\users\wcc\desktop\r410-developer\sample_code\displaycolorcontrol\nvapi.h(4976): error C2059: syntax error: 'return'
c:\users\wcc\desktop\r410-developer\sample_code\displaycolorcontrol\nvapi.h(5006): error C2059: syntax error: 'return'
c:\users\wcc\desktop\r410-developer\sample_code\displaycolorcontrol\nvapi.h(5029): error C2059: syntax error: 'return'
c:\users\wcc\desktop\r410-developer\sample_code\displaycolorcontrol\nvapi.h(5109): error C2059: syntax error: 'return'
c:\users\wcc\desktop\r410-developer\sample_code\displaycolorcontrol\nvapi.h(5166): error C2059: syntax error: 'return'
c:\users\wcc\desktop\r410-developer\sample_code\displaycolorcontrol\nvapi.h(5247): error C2059: syntax error: 'return'
c:\users\wcc\desktop\r410-developer\sample_code\displaycolorcontrol\nvapi.h(5732): error C2059: syntax error: 'return'
c:\users\wcc\desktop\r410-developer\sample_code\displaycolorcontrol\nvapi.h(5732): fatal error C1003: error count exceeds 100; stopping compilation
  NVHelper.cpp
c:\users\wcc\desktop\r410-developer\sample_code\displaycolorcontrol\nvapi.h(101): error C2059: syntax error: 'return'
c:\users\wcc\desktop\r410-developer\sample_code\displaycolorcontrol\nvapi.h(131): error C2059: syntax error: 'return'
c:\users\wcc\desktop\r410-developer\sample_code\displaycolorcontrol\nvapi.h(150): error C2059: syntax error: 'return'
c:\users\wcc\desktop\r410-developer\sample_code\displaycolorcontrol\nvapi.h(171): error C2059: syntax error: 'return'
c:\users\wcc\desktop\r410-developer\sample_code\displaycolorcontrol\nvapi.h(318): error C2059: syntax error: 'return'
c:\users\wcc\desktop\r410-developer\sample_code\displaycolorcontrol\nvapi.h(670): error C2059: syntax error: 'return'
c:\users\wcc\desktop\r410-developer\sample_code\displaycolorcontrol\nvapi.h(809): error C2059: syntax error: 'return'
c:\users\wcc\desktop\r410-developer\sample_code\displaycolorcontrol\nvapi.h(1031): error C2059: syntax error: 'return'
c:\users\wcc\desktop\r410-developer\sample_code\displaycolorcontrol\nvapi.h(1160): error C2059: syntax error: 'return'
c:\users\wcc\desktop\r410-developer\sample_code\displaycolorcontrol\nvapi.h(1168): error C2059: syntax error: 'return'
c:\users\wcc\desktop\r410-developer\sample_code\displaycolorcontrol\nvapi.h(1210): error C2059: syntax error: 'return'
c:\users\wcc\desktop\r410-developer\sample_code\displaycolorcontrol\nvapi.h(1217): error C2059: syntax error: 'return'
c:\users\wcc\desktop\r410-developer\sample_code\displaycolorcontrol\nvapi.h(1252): error C2059: syntax error: 'return'
c:\users\wcc\desktop\r410-developer\sample_code\displaycolorcontrol\nvapi.h(1283): error C2059: syntax error: 'return'
c:\users\wcc\desktop\r410-developer\sample_code\displaycolorcontrol\nvapi.h(1309): error C2059: syntax error: 'return'
c:\users\wcc\desktop\r410-developer\sample_code\displaycolorcontrol\nvapi.h(1331): error C2059: syntax error: 'return'
c:\users\wcc\desktop\r410-developer\sample_code\displaycolorcontrol\nvapi.h(1353): error C2059: syntax error: 'return'
c:\users\wcc\desktop\r410-developer\sample_code\displaycolorcontrol\nvapi.h(1373): error C2059: syntax error: 'return'
c:\users\wcc\desktop\r410-developer\sample_code\displaycolorcontrol\nvapi.h(1396): error C2059: syntax error: 'return'
c:\users\wcc\desktop\r410-developer\sample_code\displaycolorcontrol\nvapi.h(1417): error C2059: syntax error: 'return'
c:\users\wcc\desktop\r410-developer\sample_code\displaycolorcontrol\nvapi.h(1440): error C2059: syntax error: 'return'
c:\users\wcc\desktop\r410-developer\sample_code\displaycolorcontrol\nvapi.h(1462): error C2059: syntax error: 'return'
c:\users\wcc\desktop\r410-developer\sample_code\displaycolorcontrol\nvapi.h(1486): error C2059: syntax error: 'return'
c:\users\wcc\desktop\r410-developer\sample_code\displaycolorcontrol\nvapi.h(1513): error C2059: syntax error: 'return'
c:\users\wcc\desktop\r410-developer\sample_code\displaycolorcontrol\nvapi.h(1603): error C2059: syntax error: 'return'
c:\users\wcc\desktop\r410-developer\sample_code\displaycolorcontrol\nvapi.h(1645): error C2059: syntax error: 'return'
c:\users\wcc\desktop\r410-developer\sample_code\displaycolorcontrol\nvapi.h(1676): error C2059: syntax error: 'return'
c:\users\wcc\desktop\r410-developer\sample_code\displaycolorcontrol\nvapi.h(1701): error C2059: syntax error: 'return'
c:\users\wcc\desktop\r410-developer\sample_code\displaycolorcontrol\nvapi.h(1736): error C2059: syntax error: 'return'
c:\users\wcc\desktop\r410-developer\sample_code\displaycolorcontrol\nvapi.h(1757): error C2059: syntax error: 'return'
c:\users\wcc\desktop\r410-developer\sample_code\displaycolorcontrol\nvapi.h(1786): error C2059: syntax error: 'return'
c:\users\wcc\desktop\r410-developer\sample_code\displaycolorcontrol\nvapi.h(1823): error C2059: syntax error: 'return'
c:\users\wcc\desktop\r410-developer\sample_code\displaycolorcontrol\nvapi.h(1852): error C2059: syntax error: 'return'
c:\users\wcc\desktop\r410-developer\sample_code\displaycolorcontrol\nvapi.h(1873): error C2059: syntax error: 'return'
c:\users\wcc\desktop\r410-developer\sample_code\displaycolorcontrol\nvapi.h(1899): error C2059: syntax error: 'return'
c:\users\wcc\desktop\r410-developer\sample_code\displaycolorcontrol\nvapi.h(1935): error C2059: syntax error: 'return'
c:\users\wcc\desktop\r410-developer\sample_code\displaycolorcontrol\nvapi.h(1970): error C2059: syntax error: 'return'
c:\users\wcc\desktop\r410-developer\sample_code\displaycolorcontrol\nvapi.h(1993): error C2059: syntax error: 'return'
c:\users\wcc\desktop\r410-developer\sample_code\displaycolorcontrol\nvapi.h(2015): error C2059: syntax error: 'return'
c:\users\wcc\desktop\r410-developer\sample_code\displaycolorcontrol\nvapi.h(2038): error C2059: syntax error: 'return'
c:\users\wcc\desktop\r410-developer\sample_code\displaycolorcontrol\nvapi.h(2059): error C2059: syntax error: 'return'
c:\users\wcc\desktop\r410-developer\sample_code\displaycolorcontrol\nvapi.h(2078): error C2059: syntax error: 'return'
c:\users\wcc\desktop\r410-developer\sample_code\displaycolorcontrol\nvapi.h(2101): error C2059: syntax error: 'return'
c:\users\wcc\desktop\r410-developer\sample_code\displaycolorcontrol\nvapi.h(2121): error C2059: syntax error: 'return'
c:\users\wcc\desktop\r410-developer\sample_code\displaycolorcontrol\nvapi.h(2140): error C2059: syntax error: 'return'
c:\users\wcc\desktop\r410-developer\sample_code\displaycolorcontrol\nvapi.h(2160): error C2059: syntax error: 'return'
c:\users\wcc\desktop\r410-developer\sample_code\displaycolorcontrol\nvapi.h(2184): error C2059: syntax error: 'return'
c:\users\wcc\desktop\r410-developer\sample_code\displaycolorcontrol\nvapi.h(2206): error C2059: syntax error: 'return'
c:\users\wcc\desktop\r410-developer\sample_code\displaycolorcontrol\nvapi.h(2224): error C2059: syntax error: 'return'
c:\users\wcc\desktop\r410-developer\sample_code\displaycolorcontrol\nvapi.h(2267): error C2059: syntax error: 'return'
c:\users\wcc\desktop\r410-developer\sample_code\displaycolorcontrol\nvapi.h(2383): error C2059: syntax error: 'return'
c:\users\wcc\desktop\r410-developer\sample_code\displaycolorcontrol\nvapi.h(2569): error C2059: syntax error: 'return'
c:\users\wcc\desktop\r410-developer\sample_code\displaycolorcontrol\nvapi.h(2810): error C2059: syntax error: 'return'
c:\users\wcc\desktop\r410-developer\sample_code\displaycolorcontrol\nvapi.h(2836): error C2059: syntax error: 'return'
c:\users\wcc\desktop\r410-developer\sample_code\displaycolorcontrol\nvapi.h(2889): error C2059: syntax error: 'return'
c:\users\wcc\desktop\r410-developer\sample_code\displaycolorcontrol\nvapi.h(3015): error C2059: syntax error: 'return'
c:\users\wcc\desktop\r410-developer\sample_code\displaycolorcontrol\nvapi.h(3151): error C2059: syntax error: 'return'
c:\users\wcc\desktop\r410-developer\sample_code\displaycolorcontrol\nvapi.h(3185): error C2059: syntax error: 'return'
c:\users\wcc\desktop\r410-developer\sample_code\displaycolorcontrol\nvapi.h(3229): error C2059: syntax error: 'return'
c:\users\wcc\desktop\r410-developer\sample_code\displaycolorcontrol\nvapi.h(3254): error C2059: syntax error: 'return'
c:\users\wcc\desktop\r410-developer\sample_code\displaycolorcontrol\nvapi.h(3330): error C2059: syntax error: 'return'
c:\users\wcc\desktop\r410-developer\sample_code\displaycolorcontrol\nvapi.h(3364): error C2059: syntax error: 'return'
c:\users\wcc\desktop\r410-developer\sample_code\displaycolorcontrol\nvapi.h(3421): error C2059: syntax error: 'return'
c:\users\wcc\desktop\r410-developer\sample_code\displaycolorcontrol\nvapi.h(3477): error C2059: syntax error: 'return'
c:\users\wcc\desktop\r410-developer\sample_code\displaycolorcontrol\nvapi.h(3505): error C2059: syntax error: 'return'
c:\users\wcc\desktop\r410-developer\sample_code\displaycolorcontrol\nvapi.h(3552): error C2059: syntax error: 'return'
c:\users\wcc\desktop\r410-developer\sample_code\displaycolorcontrol\nvapi.h(3581): error C2059: syntax error: 'return'
c:\users\wcc\desktop\r410-developer\sample_code\displaycolorcontrol\nvapi.h(3635): error C2059: syntax error: 'return'
c:\users\wcc\desktop\r410-developer\sample_code\displaycolorcontrol\nvapi.h(3670): error C2059: syntax error: 'return'
c:\users\wcc\desktop\r410-developer\sample_code\displaycolorcontrol\nvapi.h(3717): error C2059: syntax error: 'return'
c:\users\wcc\desktop\r410-developer\sample_code\displaycolorcontrol\nvapi.h(3752): error C2059: syntax error: 'return'
c:\users\wcc\desktop\r410-developer\sample_code\displaycolorcontrol\nvapi.h(3799): error C2059: syntax error: 'return'
c:\users\wcc\desktop\r410-developer\sample_code\displaycolorcontrol\nvapi.h(3827): error C2059: syntax error: 'return'
c:\users\wcc\desktop\r410-developer\sample_code\displaycolorcontrol\nvapi.h(3851): error C2059: syntax error: 'return'
c:\users\wcc\desktop\r410-developer\sample_code\displaycolorcontrol\nvapi.h(3888): error C2059: syntax error: 'return'
c:\users\wcc\desktop\r410-developer\sample_code\displaycolorcontrol\nvapi.h(3919): error C2059: syntax error: 'return'
c:\users\wcc\desktop\r410-developer\sample_code\displaycolorcontrol\nvapi.h(3981): error C2059: syntax error: 'return'
c:\users\wcc\desktop\r410-developer\sample_code\displaycolorcontrol\nvapi.h(4045): error C2059: syntax error: 'return'
c:\users\wcc\desktop\r410-developer\sample_code\displaycolorcontrol\nvapi.h(4111): error C2059: syntax error: 'return'
c:\users\wcc\desktop\r410-developer\sample_code\displaycolorcontrol\nvapi.h(4274): error C2059: syntax error: 'return'
c:\users\wcc\desktop\r410-developer\sample_code\displaycolorcontrol\nvapi.h(4368): error C2059: syntax error: 'return'
c:\users\wcc\desktop\r410-developer\sample_code\displaycolorcontrol\nvapi.h(4388): error C2059: syntax error: 'return'
c:\users\wcc\desktop\r410-developer\sample_code\displaycolorcontrol\nvapi.h(4474): error C2059: syntax error: 'return'
c:\users\wcc\desktop\r410-developer\sample_code\displaycolorcontrol\nvapi.h(4749): error C2059: syntax error: 'return'
c:\users\wcc\desktop\r410-developer\sample_code\displaycolorcontrol\nvapi.h(4769): error C2059: syntax error: 'return'
c:\users\wcc\desktop\r410-developer\sample_code\displaycolorcontrol\nvapi.h(4796): error C2059: syntax error: 'return'
c:\users\wcc\desktop\r410-developer\sample_code\displaycolorcontrol\nvapi.h(4826): error C2059: syntax error: 'return'
c:\users\wcc\desktop\r410-developer\sample_code\displaycolorcontrol\nvapi.h(4848): error C2059: syntax error: 'return'
c:\users\wcc\desktop\r410-developer\sample_code\displaycolorcontrol\nvapi.h(4867): error C2059: syntax error: 'return'
c:\users\wcc\desktop\r410-developer\sample_code\displaycolorcontrol\nvapi.h(4888): error C2059: syntax error: 'return'
c:\users\wcc\desktop\r410-developer\sample_code\displaycolorcontrol\nvapi.h(4908): error C2059: syntax error: 'return'
c:\users\wcc\desktop\r410-developer\sample_code\displaycolorcontrol\nvapi.h(4926): error C2059: syntax error: 'return'
c:\users\wcc\desktop\r410-developer\sample_code\displaycolorcontrol\nvapi.h(4944): error C2059: syntax error: 'return'
c:\users\wcc\desktop\r410-developer\sample_code\displaycolorcontrol\nvapi.h(4960): error C2059: syntax error: 'return'
c:\users\wcc\desktop\r410-developer\sample_code\displaycolorcontrol\nvapi.h(4976): error C2059: syntax error: 'return'
c:\users\wcc\desktop\r410-developer\sample_code\displaycolorcontrol\nvapi.h(5006): error C2059: syntax error: 'return'
c:\users\wcc\desktop\r410-developer\sample_code\displaycolorcontrol\nvapi.h(5029): error C2059: syntax error: 'return'
c:\users\wcc\desktop\r410-developer\sample_code\displaycolorcontrol\nvapi.h(5109): error C2059: syntax error: 'return'
c:\users\wcc\desktop\r410-developer\sample_code\displaycolorcontrol\nvapi.h(5166): error C2059: syntax error: 'return'
c:\users\wcc\desktop\r410-developer\sample_code\displaycolorcontrol\nvapi.h(5247): error C2059: syntax error: 'return'
c:\users\wcc\desktop\r410-developer\sample_code\displaycolorcontrol\nvapi.h(5732): error C2059: syntax error: 'return'
c:\users\wcc\desktop\r410-developer\sample_code\displaycolorcontrol\nvapi.h(5732): fatal error C1003: error count exceeds 100; stopping compilation
  Generating Code...
